# JRE version: Java(TM) SE Runtime Environment (8.0_231-b11) (build 1.8.0_231-b11)
# Java VM: Java HotSpot(TM) 64-Bit Server VM (25.231-b11 mixed mode windows-amd64 compressed oops)
Heap:
 PSYoungGen      total 48640K, used 41575K [0x000000076bf80000, 0x000000077ab00000, 0x00000007c0000000)
  eden space 48128K, 85% used [0x000000076bf80000,0x000000076e7e9ca8,0x000000076ee80000)
  from space 512K, 37% used [0x000000077aa00000,0x000000077aa30000,0x000000077aa80000)
  to   space 512K, 0% used [0x000000077aa80000,0x000000077aa80000,0x000000077ab00000)
 ParOldGen       total 173568K, used 5180K [0x00000006c3e00000, 0x00000006ce780000, 0x000000076bf80000)
  object space 173568K, 2% used [0x00000006c3e00000,0x00000006c430f070,0x00000006ce780000)
 Metaspace       used 6409K, capacity 6542K, committed 6656K, reserved 1056768K
  class space    used 658K, capacity 693K, committed 768K, reserved 1048576K
GC Heap History (10 events):
Event: 101.173 GC heap before
{Heap before GC invocations=1117 (full 0):
 PSYoungGen      total 53760K, used 53408K [0x000000076bf80000, 0x000000077ab00000, 0x00000007c0000000)
  eden space 53248K, 100% used [0x000000076bf80000,0x000000076f380000,0x000000076f380000)
  from space 512K, 31% used [0x000000077aa80000,0x000000077aaa8000,0x000000077ab00000)
  to   space 512K, 0% used [0x000000077aa00000,0x000000077aa00000,0x000000077aa80000)
 ParOldGen       total 173568K, used 4972K [0x00000006c3e00000, 0x00000006ce780000, 0x000000076bf80000)
  object space 173568K, 2% used [0x00000006c3e00000,0x00000006c42db070,0x00000006ce780000)
 Metaspace       used 6267K, capacity 6414K, committed 6656K, reserved 1056768K
  class space    used 657K, capacity 693K, committed 768K, reserved 1048576K
Event: 101.174 GC heap after
Heap after GC invocations=1117 (full 0):
 PSYoungGen      total 52736K, used 224K [0x000000076bf80000, 0x000000077ab00000, 0x00000007c0000000)
  eden space 52224K, 0% used [0x000000076bf80000,0x000000076bf80000,0x000000076f280000)
  from space 512K, 43% used [0x000000077aa00000,0x000000077aa38000,0x000000077aa80000)
  to   space 512K, 0% used [0x000000077aa80000,0x000000077aa80000,0x000000077ab00000)
 ParOldGen       total 173568K, used 5028K [0x00000006c3e00000, 0x00000006ce780000, 0x000000076bf80000)
  object space 173568K, 2% used [0x00000006c3e00000,0x00000006c42e9070,0x00000006ce780000)
 Metaspace       used 6267K, capacity 6414K, committed 6656K, reserved 1056768K
  class space    used 657K, capacity 693K, committed 768K, reserved 1048576K
}
Event: 101.241 GC heap before
{Heap before GC invocations=1118 (full 0):
 PSYoungGen      total 52736K, used 52448K [0x000000076bf80000, 0x000000077ab00000, 0x00000007c0000000)
  eden space 52224K, 100% used [0x000000076bf80000,0x000000076f280000,0x000000076f280000)
  from space 512K, 43% used [0x000000077aa00000,0x000000077aa38000,0x000000077aa80000)
  to   space 512K, 0% used [0x000000077aa80000,0x000000077aa80000,0x000000077ab00000)
 ParOldGen       total 173568K, used 5028K [0x00000006c3e00000, 0x00000006ce780000, 0x000000076bf80000)
  object space 173568K, 2% used [0x00000006c3e00000,0x00000006c42e9070,0x00000006ce780000)
 Metaspace       used 6267K, capacity 6414K, committed 6656K, reserved 1056768K
  class space    used 657K, capacity 693K, committed 768K, reserved 1048576K
Event: 101.242 GC heap after
Heap after GC invocations=1118 (full 0):
 PSYoungGen      total 51712K, used 192K [0x000000076bf80000, 0x000000077ab00000, 0x00000007c0000000)
  eden space 51200K, 0% used [0x000000076bf80000,0x000000076bf80000,0x000000076f180000)
  from space 512K, 37% used [0x000000077aa80000,0x000000077aab0000,0x000000077ab00000)
  to   space 512K, 0% used [0x000000077aa00000,0x000000077aa00000,0x000000077aa80000)
 ParOldGen       total 173568K, used 5068K [0x00000006c3e00000, 0x00000006ce780000, 0x000000076bf80000)
  object space 173568K, 2% used [0x00000006c3e00000,0x00000006c42f3070,0x00000006ce780000)
 Metaspace       used 6267K, capacity 6414K, committed 6656K, reserved 1056768K
  class space    used 657K, capacity 693K, committed 768K, reserved 1048576K
}
Event: 101.307 GC heap before
{Heap before GC invocations=1119 (full 0):
 PSYoungGen      total 51712K, used 51392K [0x000000076bf80000, 0x000000077ab00000, 0x00000007c0000000)
  eden space 51200K, 100% used [0x000000076bf80000,0x000000076f180000,0x000000076f180000)
  from space 512K, 37% used [0x000000077aa80000,0x000000077aab0000,0x000000077ab00000)
  to   space 512K, 0% used [0x000000077aa00000,0x000000077aa00000,0x000000077aa80000)
 ParOldGen       total 173568K, used 5068K [0x00000006c3e00000, 0x00000006ce780000, 0x000000076bf80000)
  object space 173568K, 2% used [0x00000006c3e00000,0x00000006c42f3070,0x00000006ce780000)
 Metaspace       used 6267K, capacity 6414K, committed 6656K, reserved 1056768K
  class space    used 657K, capacity 693K, committed 768K, reserved 1048576K
Event: 101.308 GC heap after
Heap after GC invocations=1119 (full 0):
 PSYoungGen      total 50688K, used 256K [0x000000076bf80000, 0x000000077ab00000, 0x00000007c0000000)
  eden space 50176K, 0% used [0x000000076bf80000,0x000000076bf80000,0x000000076f080000)
  from space 512K, 50% used [0x000000077aa00000,0x000000077aa40000,0x000000077aa80000)
  to   space 512K, 0% used [0x000000077aa80000,0x000000077aa80000,0x000000077ab00000)
 ParOldGen       total 173568K, used 5100K [0x00000006c3e00000, 0x00000006ce780000, 0x000000076bf80000)
  object space 173568K, 2% used [0x00000006c3e00000,0x00000006c42fb070,0x00000006ce780000)
 Metaspace       used 6267K, capacity 6414K, committed 6656K, reserved 1056768K
  class space    used 657K, capacity 693K, committed 768K, reserved 1048576K
}
Event: 101.373 GC heap before
{Heap before GC invocations=1120 (full 0):
 PSYoungGen      total 50688K, used 50432K [0x000000076bf80000, 0x000000077ab00000, 0x00000007c0000000)
  eden space 50176K, 100% used [0x000000076bf80000,0x000000076f080000,0x000000076f080000)
  from space 512K, 50% used [0x000000077aa00000,0x000000077aa40000,0x000000077aa80000)
  to   space 512K, 0% used [0x000000077aa80000,0x000000077aa80000,0x000000077ab00000)
 ParOldGen       total 173568K, used 5100K [0x00000006c3e00000, 0x00000006ce780000, 0x000000076bf80000)
  object space 173568K, 2% used [0x00000006c3e00000,0x00000006c42fb070,0x00000006ce780000)
 Metaspace       used 6267K, capacity 6414K, committed 6656K, reserved 1056768K
  class space    used 657K, capacity 693K, committed 768K, reserved 1048576K
Event: 101.374 GC heap after
Heap after GC invocations=1120 (full 0):
 PSYoungGen      total 49664K, used 224K [0x000000076bf80000, 0x000000077ab00000, 0x00000007c0000000)
  eden space 49152K, 0% used [0x000000076bf80000,0x000000076bf80000,0x000000076ef80000)
  from space 512K, 43% used [0x000000077aa80000,0x000000077aab8000,0x000000077ab00000)
  to   space 512K, 0% used [0x000000077aa00000,0x000000077aa00000,0x000000077aa80000)
 ParOldGen       total 173568K, used 5140K [0x00000006c3e00000, 0x00000006ce780000, 0x000000076bf80000)
  object space 173568K, 2% used [0x00000006c3e00000,0x00000006c4305070,0x00000006ce780000)
 Metaspace       used 6267K, capacity 6414K, committed 6656K, reserved 1056768K
  class space    used 657K, capacity 693K, committed 768K, reserved 1048576K
}
Event: 101.430 GC heap before
{Heap before GC invocations=1121 (full 0):
 PSYoungGen      total 49664K, used 49376K [0x000000076bf80000, 0x000000077ab00000, 0x00000007c0000000)
  eden space 49152K, 100% used [0x000000076bf80000,0x000000076ef80000,0x000000076ef80000)
  from space 512K, 43% used [0x000000077aa80000,0x000000077aab8000,0x000000077ab00000)
  to   space 512K, 0% used [0x000000077aa00000,0x000000077aa00000,0x000000077aa80000)
 ParOldGen       total 173568K, used 5140K [0x00000006c3e00000, 0x00000006ce780000, 0x000000076bf80000)
  object space 173568K, 2% used [0x00000006c3e00000,0x00000006c4305070,0x00000006ce780000)
 Metaspace       used 6267K, capacity 6414K, committed 6656K, reserved 1056768K
  class space    used 657K, capacity 693K, committed 768K, reserved 1048576K
Event: 101.430 GC heap after
Heap after GC invocations=1121 (full 0):
 PSYoungGen      total 48640K, used 192K [0x000000076bf80000, 0x000000077ab00000, 0x00000007c0000000)
  eden space 48128K, 0% used [0x000000076bf80000,0x000000076bf80000,0x000000076ee80000)
  from space 512K, 37% used [0x000000077aa00000,0x000000077aa30000,0x000000077aa80000)
  to   space 512K, 0% used [0x000000077aa80000,0x000000077aa80000,0x000000077ab00000)
 ParOldGen       total 173568K, used 5180K [0x00000006c3e00000, 0x00000006ce780000, 0x000000076bf80000)
  object space 173568K, 2% used [0x00000006c3e00000,0x00000006c430f070,0x00000006ce780000)
 Metaspace       used 6267K, capacity 6414K, committed 6656K, reserved 1056768K
  class space    used 657K, capacity 693K, committed 768K, reserved 1048576K
}

